{
  "Cucumber Features": {
    "coverage": {
      "/Users/janelleponnor/Desktop/checkboxes_Schedulite/app/models/course.rb": {
        "lines": [
          1,
          null,
          1,
          1,
          1,
          1,
          null,
          1,
          26,
          null,
          null,
          1,
          28,
          null,
          null,
          1,
          24,
          null,
          null,
          1,
          24,
          null,
          null,
          1,
          27,
          27,
          null,
          27,
          23,
          null,
          4,
          null,
          null,
          null
        ]
      },
      "/Users/janelleponnor/Desktop/checkboxes_Schedulite/app/models/coursedetails.rb": {
        "lines": [
          1,
          null
        ]
      },
      "/Users/janelleponnor/Desktop/checkboxes_Schedulite/app/models/course_faq.rb": {
        "lines": [
          1,
          null
        ]
      },
      "/Users/janelleponnor/Desktop/checkboxes_Schedulite/app/controllers/courses_controller.rb": {
        "lines": [
          1,
          null,
          1,
          6,
          6,
          6,
          6,
          null,
          null,
          1,
          6,
          6,
          6,
          6,
          5,
          5,
          5,
          5,
          4,
          null,
          5,
          5,
          null,
          null,
          null,
          1,
          3,
          3,
          0,
          null,
          9,
          null,
          null,
          3,
          3,
          3,
          null,
          null,
          null,
          null,
          1,
          2,
          2,
          2,
          2,
          2,
          4,
          2,
          null,
          2,
          1,
          null,
          null,
          null,
          2,
          null,
          null,
          1,
          24,
          24,
          null,
          24,
          2,
          null,
          110,
          null,
          null,
          24,
          3,
          null,
          21,
          null,
          null,
          24,
          24,
          24,
          24,
          22,
          null,
          24,
          24,
          24,
          24,
          2,
          null,
          null,
          null,
          null,
          1,
          1,
          1,
          1,
          1,
          1,
          1,
          1,
          null,
          null,
          1,
          1,
          1,
          1,
          1,
          null,
          null,
          1,
          6,
          6,
          6,
          6,
          5,
          4,
          4,
          4,
          8,
          8,
          8,
          8,
          2,
          2,
          null,
          6,
          null,
          null,
          4,
          null,
          1,
          null,
          null,
          1,
          null,
          2,
          null,
          null,
          null,
          null
        ]
      },
      "/Users/janelleponnor/Desktop/checkboxes_Schedulite/app/controllers/application_controller.rb": {
        "lines": [
          1,
          null,
          null,
          1,
          null
        ]
      },
      "/Users/janelleponnor/Desktop/checkboxes_Schedulite/app/helpers/application_helper.rb": {
        "lines": [
          1,
          null
        ]
      },
      "/Users/janelleponnor/Desktop/checkboxes_Schedulite/app/helpers/movies_helper.rb": {
        "lines": [
          1,
          null
        ]
      },
      "/Users/janelleponnor/Desktop/checkboxes_Schedulite/app/models/cart.rb": {
        "lines": [
          1,
          null
        ]
      },
      "/Users/janelleponnor/Desktop/checkboxes_Schedulite/app/models/course_faq_an.rb": {
        "lines": [
          1,
          null
        ]
      },
      "/Users/janelleponnor/Desktop/checkboxes_Schedulite/app/models/prev_courses_form.rb": {
        "lines": [
          0,
          0
        ],
        "branches": {
        }
      }
    },
    "timestamp": 1617729399
  },
  "RSpec": {
    "coverage": {
      "/Users/janelleponnor/Desktop/checkboxes_Schedulite/app/helpers/application_helper.rb": {
        "lines": [
          1,
          null
        ]
      },
      "/Users/janelleponnor/Desktop/checkboxes_Schedulite/app/helpers/movies_helper.rb": {
        "lines": [
          1,
          null
        ]
      },
      "/Users/janelleponnor/Desktop/checkboxes_Schedulite/app/controllers/courses_controller.rb": {
        "lines": [
          1,
          null,
          1,
          1,
          1,
          1,
          1,
          null,
          null,
          1,
          1,
          1,
          1,
          1,
          0,
          0,
          0,
          0,
          0,
          null,
          0,
          0,
          null,
          null,
          null,
          1,
          1,
          1,
          0,
          null,
          1,
          null,
          null,
          1,
          1,
          1,
          null,
          null,
          null,
          null,
          1,
          1,
          1,
          1,
          1,
          1,
          0,
          0,
          null,
          0,
          0,
          null,
          null,
          null,
          1,
          null,
          null,
          1,
          1,
          1,
          null,
          1,
          0,
          null,
          5,
          null,
          null,
          1,
          0,
          null,
          1,
          null,
          null,
          1,
          1,
          1,
          1,
          1,
          null,
          1,
          1,
          1,
          1,
          0,
          null,
          null,
          null,
          null,
          1,
          1,
          1,
          1,
          1,
          1,
          1,
          1,
          null,
          null,
          1,
          1,
          1,
          1,
          1,
          null,
          null,
          1,
          7,
          7,
          7,
          7,
          6,
          5,
          5,
          5,
          11,
          11,
          11,
          11,
          2,
          2,
          null,
          9,
          null,
          null,
          5,
          null,
          1,
          null,
          null,
          1,
          null,
          2,
          null,
          null,
          null,
          null
        ]
      },
      "/Users/janelleponnor/Desktop/checkboxes_Schedulite/app/controllers/application_controller.rb": {
        "lines": [
          1,
          null,
          null,
          1,
          null
        ]
      },
      "/Users/janelleponnor/Desktop/checkboxes_Schedulite/app/models/prev_courses_form.rb": {
        "lines": [
          1,
          null
        ]
      },
      "/Users/janelleponnor/Desktop/checkboxes_Schedulite/app/models/course.rb": {
        "lines": [
          1,
          null,
          1,
          1,
          1,
          1,
          null,
          1,
          2,
          null,
          null,
          1,
          3,
          null,
          null,
          1,
          1,
          null,
          null,
          1,
          1,
          null,
          null,
          1,
          2,
          2,
          null,
          2,
          1,
          null,
          1,
          null,
          null,
          null
        ]
      },
      "/Users/janelleponnor/Desktop/checkboxes_Schedulite/app/models/cart.rb": {
        "lines": [
          1,
          null
        ]
      },
      "/Users/janelleponnor/Desktop/checkboxes_Schedulite/app/models/coursedetails.rb": {
        "lines": [
          1,
          null
        ]
      },
      "/Users/janelleponnor/Desktop/checkboxes_Schedulite/app/models/course_faq.rb": {
        "lines": [
          1,
          null
        ]
      },
      "/Users/janelleponnor/Desktop/checkboxes_Schedulite/app/models/course_faq_an.rb": {
        "lines": [
          1,
          null
        ]
      }
    },
    "timestamp": 1617729431
  }
}
