{
  "Cucumber Features": {
    "coverage": {
      "/Users/janelleponnor/Desktop/merge_search_Schedulite/app/models/course.rb": {
        "lines": [
          1,
          null,
          1,
          1,
          1,
          1,
          null,
          1,
          43,
          null,
          null,
          1,
          44,
          null,
          null,
          1,
          43,
          null,
          null,
          1,
          42,
          null,
          null,
          1,
          44,
          44,
          null,
          44,
          41,
          null,
          3,
          null,
          null,
          1,
          null
        ]
      },
      "/Users/janelleponnor/Desktop/merge_search_Schedulite/app/models/coursedetails.rb": {
        "lines": [
          1,
          null
        ]
      },
      "/Users/janelleponnor/Desktop/merge_search_Schedulite/app/models/course_faq.rb": {
        "lines": [
          1,
          null
        ]
      },
      "/Users/janelleponnor/Desktop/merge_search_Schedulite/app/models/user.rb": {
        "lines": [
          1,
          1,
          null,
          null,
          1,
          null
        ]
      },
      "/Users/janelleponnor/Desktop/merge_search_Schedulite/app/controllers/authentication_controller.rb": {
        "lines": [
          1,
          1,
          null,
          1,
          36,
          36,
          36,
          36,
          36,
          36,
          18,
          18,
          18,
          18,
          18,
          18,
          18,
          null,
          18,
          null,
          null,
          null,
          null,
          1,
          1,
          1,
          null,
          null,
          null
        ]
      },
      "/Users/janelleponnor/Desktop/merge_search_Schedulite/app/controllers/application_controller.rb": {
        "lines": [
          1,
          null,
          null,
          1,
          1,
          null,
          1,
          70,
          70,
          70,
          70,
          70,
          70,
          70,
          70,
          70,
          70,
          0,
          null,
          null,
          0,
          null,
          null,
          null,
          1,
          48,
          48,
          48,
          48,
          48,
          48,
          null,
          48,
          null,
          null,
          1,
          1,
          1,
          null,
          1,
          null,
          null,
          1,
          70,
          70,
          70,
          0,
          0,
          null,
          null,
          null,
          1,
          88,
          88,
          null,
          null,
          1,
          70,
          70,
          70,
          null,
          null,
          1,
          136,
          null,
          null,
          1,
          18,
          null,
          null
        ]
      },
      "/Users/janelleponnor/Desktop/merge_search_Schedulite/app/helpers/application_helper.rb": {
        "lines": [
          1,
          null
        ]
      },
      "/Users/janelleponnor/Desktop/merge_search_Schedulite/app/helpers/authentication_helper.rb": {
        "lines": [
          1,
          null
        ]
      },
      "/Users/janelleponnor/Desktop/merge_search_Schedulite/app/helpers/likes_helper.rb": {
        "lines": [
          1,
          null
        ]
      },
      "/Users/janelleponnor/Desktop/merge_search_Schedulite/app/helpers/movies_helper.rb": {
        "lines": [
          1,
          null
        ]
      },
      "/Users/janelleponnor/Desktop/merge_search_Schedulite/app/controllers/courses_controller.rb": {
        "lines": [
          1,
          1,
          null,
          1,
          11,
          11,
          11,
          11,
          null,
          null,
          1,
          11,
          11,
          11,
          11,
          5,
          5,
          5,
          5,
          4,
          null,
          5,
          5,
          null,
          null,
          null,
          1,
          null,
          2,
          2,
          0,
          null,
          6,
          null,
          null,
          2,
          2,
          2,
          null,
          2,
          0,
          null,
          null,
          null,
          1,
          2,
          2,
          null,
          0,
          null,
          null,
          null,
          null,
          1,
          1,
          1,
          1,
          1,
          1,
          2,
          2,
          null,
          0,
          0,
          null,
          null,
          null,
          1,
          1,
          null,
          null,
          1,
          42,
          42,
          42,
          null,
          42,
          2,
          null,
          200,
          null,
          null,
          42,
          3,
          null,
          39,
          null,
          null,
          42,
          42,
          42,
          42,
          40,
          null,
          42,
          42,
          42,
          42,
          2,
          null,
          null,
          null,
          null,
          1,
          1,
          1,
          1,
          1,
          1,
          1,
          1,
          null,
          null,
          1,
          1,
          1,
          1,
          1,
          null,
          null,
          1,
          6,
          6,
          6,
          6,
          6,
          5,
          4,
          4,
          4,
          8,
          8,
          8,
          8,
          2,
          2,
          null,
          6,
          null,
          null,
          4,
          null,
          1,
          null,
          null,
          1,
          null,
          2,
          null,
          null,
          null,
          null
        ]
      },
      "/Users/janelleponnor/Desktop/merge_search_Schedulite/app/models/cart.rb": {
        "lines": [
          1,
          null
        ]
      },
      "/Users/janelleponnor/Desktop/merge_search_Schedulite/app/models/course_faq_an.rb": {
        "lines": [
          1,
          null
        ]
      },
      "/Users/janelleponnor/Desktop/merge_search_Schedulite/app/models/like.rb": {
        "lines": [
          1,
          1,
          1,
          null
        ]
      },
      "/Users/janelleponnor/Desktop/merge_search_Schedulite/app/controllers/likes_controller.rb": {
        "lines": [
          null,
          null,
          null,
          1,
          1,
          null,
          1,
          3,
          1,
          null,
          2,
          null,
          3,
          null,
          null,
          1,
          null,
          1,
          3,
          null,
          null,
          1,
          3,
          null,
          null,
          null,
          null
        ]
      },
      "/Users/janelleponnor/Desktop/merge_search_Schedulite/app/models/prev_courses_form.rb": {
        "lines": [
          0,
          0
        ],
        "branches": {
        }
      },
      "/Users/janelleponnor/Desktop/merge_search_Schedulite/app/controllers/user_controller.rb": {
        "lines": [
          0,
          0,
          0,
          0,
          0,
          0,
          0,
          0,
          0,
          0,
          0
        ],
        "branches": {
        }
      }
    },
    "timestamp": 1618177337
  },
  "RSpec": {
    "coverage": {
      "/Users/janelleponnor/Desktop/merge_search_Schedulite/app/helpers/application_helper.rb": {
        "lines": [
          1,
          null
        ]
      },
      "/Users/janelleponnor/Desktop/merge_search_Schedulite/app/helpers/authentication_helper.rb": {
        "lines": [
          1,
          null
        ]
      },
      "/Users/janelleponnor/Desktop/merge_search_Schedulite/app/helpers/likes_helper.rb": {
        "lines": [
          1,
          null
        ]
      },
      "/Users/janelleponnor/Desktop/merge_search_Schedulite/app/helpers/movies_helper.rb": {
        "lines": [
          1,
          null
        ]
      },
      "/Users/janelleponnor/Desktop/merge_search_Schedulite/app/controllers/authentication_controller.rb": {
        "lines": [
          1,
          1,
          null,
          1,
          0,
          0,
          0,
          0,
          0,
          0,
          0,
          0,
          0,
          0,
          0,
          0,
          0,
          null,
          0,
          null,
          null,
          null,
          null,
          1,
          0,
          0,
          null,
          null,
          null
        ]
      },
      "/Users/janelleponnor/Desktop/merge_search_Schedulite/app/controllers/application_controller.rb": {
        "lines": [
          1,
          null,
          null,
          1,
          1,
          null,
          1,
          13,
          13,
          13,
          13,
          13,
          0,
          0,
          0,
          0,
          0,
          0,
          null,
          null,
          13,
          null,
          null,
          null,
          1,
          0,
          0,
          0,
          0,
          0,
          0,
          null,
          0,
          null,
          null,
          1,
          13,
          0,
          null,
          13,
          null,
          null,
          1,
          13,
          13,
          13,
          13,
          13,
          null,
          null,
          null,
          1,
          13,
          13,
          null,
          null,
          1,
          13,
          13,
          13,
          null,
          null,
          1,
          0,
          null,
          null,
          1,
          0,
          null,
          null
        ]
      },
      "/Users/janelleponnor/Desktop/merge_search_Schedulite/app/controllers/courses_controller.rb": {
        "lines": [
          1,
          1,
          null,
          1,
          0,
          0,
          0,
          0,
          null,
          null,
          1,
          0,
          0,
          0,
          0,
          0,
          0,
          0,
          0,
          0,
          null,
          0,
          0,
          null,
          null,
          null,
          1,
          null,
          0,
          0,
          0,
          null,
          0,
          null,
          null,
          0,
          0,
          0,
          null,
          0,
          0,
          null,
          null,
          null,
          1,
          0,
          0,
          null,
          0,
          null,
          null,
          null,
          null,
          1,
          0,
          0,
          0,
          0,
          0,
          0,
          0,
          null,
          0,
          0,
          null,
          null,
          null,
          0,
          0,
          null,
          null,
          1,
          0,
          0,
          0,
          null,
          0,
          0,
          null,
          0,
          null,
          null,
          0,
          0,
          null,
          0,
          null,
          null,
          0,
          0,
          0,
          0,
          0,
          null,
          0,
          0,
          0,
          0,
          0,
          null,
          null,
          null,
          null,
          1,
          0,
          0,
          0,
          0,
          0,
          0,
          0,
          null,
          null,
          1,
          0,
          0,
          0,
          0,
          null,
          null,
          1,
          0,
          0,
          0,
          0,
          0,
          0,
          0,
          0,
          0,
          0,
          0,
          0,
          0,
          0,
          0,
          null,
          0,
          null,
          null,
          0,
          null,
          0,
          null,
          null,
          0,
          null,
          0,
          null,
          null,
          null,
          null
        ]
      },
      "/Users/janelleponnor/Desktop/merge_search_Schedulite/app/controllers/likes_controller.rb": {
        "lines": [
          null,
          null,
          null,
          1,
          1,
          null,
          1,
          0,
          0,
          null,
          0,
          null,
          0,
          null,
          null,
          1,
          null,
          1,
          0,
          null,
          null,
          1,
          0,
          null,
          null,
          null,
          null
        ]
      },
      "/Users/janelleponnor/Desktop/merge_search_Schedulite/app/models/like.rb": {
        "lines": [
          1,
          1,
          1,
          null
        ]
      },
      "/Users/janelleponnor/Desktop/merge_search_Schedulite/app/models/prev_courses_form.rb": {
        "lines": [
          1,
          null
        ]
      },
      "/Users/janelleponnor/Desktop/merge_search_Schedulite/app/models/course.rb": {
        "lines": [
          1,
          null,
          1,
          1,
          1,
          1,
          null,
          1,
          0,
          null,
          null,
          1,
          0,
          null,
          null,
          1,
          0,
          null,
          null,
          1,
          0,
          null,
          null,
          1,
          0,
          0,
          null,
          0,
          0,
          null,
          0,
          null,
          null,
          1,
          null
        ]
      },
      "/Users/janelleponnor/Desktop/merge_search_Schedulite/app/models/coursedetails.rb": {
        "lines": [
          1,
          null
        ]
      },
      "/Users/janelleponnor/Desktop/merge_search_Schedulite/app/models/cart.rb": {
        "lines": [
          1,
          null
        ]
      },
      "/Users/janelleponnor/Desktop/merge_search_Schedulite/app/models/course_faq.rb": {
        "lines": [
          1,
          null
        ]
      },
      "/Users/janelleponnor/Desktop/merge_search_Schedulite/app/models/course_faq_an.rb": {
        "lines": [
          0,
          0
        ],
        "branches": {
        }
      },
      "/Users/janelleponnor/Desktop/merge_search_Schedulite/app/models/user.rb": {
        "lines": [
          0,
          0,
          null,
          null,
          0,
          0
        ],
        "branches": {
        }
      },
      "/Users/janelleponnor/Desktop/merge_search_Schedulite/app/controllers/user_controller.rb": {
        "lines": [
          0,
          0,
          0,
          0,
          0,
          0,
          0,
          0,
          0,
          0,
          0
        ],
        "branches": {
        }
      }
    },
    "timestamp": 1618177306
  }
}
